[014816045] ERROR NO SOUNDS DIRECTORY CHECKFILE <_System/_Sounds/_SOUNDS>
[014816142] ------------------------------------------------------------
[014816142] . Starting LK8000 v7.3.7 Jul  5 2021 LINUX
[014816142] . System Name:    Linux ubuntu
[014816142] . Kernel Version: 5.3.0-62-generic
[014816142] . Kernel Build:   #56-Ubuntu SMP Tue Jun 23 11:20:52 UTC 2020
[014816142] . Machine Arch:   x86_64
[014816142] . Built with GCC 9.2.1
[014816143] . Compiler options:
[014816143]     + ENABLE_OPENGL
[014816143]     + USE_X11
[014816143]     + USE_EGL
[014816143]     + USE_ALSA
[014816143]     + USE_FREETYPE
[014816143]     + POCO_STATIC
[014816143] . TESTBENCH option enabled
[014816143] . DEBUG enabled in makefile
[014816143] . YDEBUG option enabled
[014816143] . BUGSTOP option enabled
[014816143] . USELKASSERT option enabled
[014816143] . Globals_Init
[014816143] . Free ram=464200 K  storage=4294967295 K
[014816144] . Host: x86_64 GenuineIntel
[014816144] . CPUs: #4 running at 2904 Mhz, 5808 bogoMips
[014816144] . Program execution path :   </home/user/GitHub/LK8000/>
[014816144] . Program system directory : <>
[014816144] . Program data directory :   <>
[014816144] ... Missing Language FILE <_Language/en.json>
[014816144] ... ProfileResetDefault
[014816145] ... LoadProfile <_Configuration/DEFAULT_AIRCRAFT.acf>
[014816145] .... LoadProfile <_Configuration/DEFAULT_AIRCRAFT.acf> open failed
[014816145] ... LoadProfile <_Configuration/DEFAULT_PILOT.plt>
[014816145] .... LoadProfile <_Configuration/DEFAULT_PILOT.plt> open failed
[014816145] ... LoadProfile <_Configuration/DEFAULT_DEVICE.dvc>
[014816145] .... LoadProfile <_Configuration/DEFAULT_DEVICE.dvc> open failed
[014816145] ... LoadProfile <_Configuration/DEFAULT_PROFILE.prf>
[014816145] .... LoadProfile <_Configuration/DEFAULT_PROFILE.prf> open failed
[014816145] ... LKProfileInitRuntime
[014816145] . No special regsets for this device
[014816145] ..... WindowResize RECT (rltb) 800 0 0 480
[014816145] . Create main window
[014816741] ... First ScreenHasChanged: 800 x 480
[014816741] . InitLKScreen: 800x480
[014816741] ..... ScreenSizeX      = 800
[014816741] ..... ScreenSizeY      = 480
[014816741] ..... ScreenDensity    = 186
[014816741] ..... ScreenGeometry   = 3
[014816741] ..... ScreenSize(enum) = 13
[014816741] ..... Screen0Ratio     = 1.000000
[014816741] ..... ScreenScale      = 2.000000
[014816741] ..... ReferenceDpi     = 110
[014816742] ..... ScreenPixelRatio = 1.690909
[014816742] ..... UseHiresBitmap   = true
[014816742] ..... ThinSize         = 2
[014816742] ..... NIBLSCALE(1)     = 2
[014816742] ..... NIBLSCALE(1.0)   = 2.000000
[014816742] ..... NIBLSCALE(2)     = 4
[014816742] ..... NIBLSCALE(2.0)   = 4.000000
[014816742] ..... DLGSCALE(1)     = 2
[014816742] ..... DLGSCALE(2)     = 4
[014816742] ..... GestureSize      = 100
[014816742] ..... LKVarioSize      = 50
[014816742] ..... AircraftMenuSize = 70
[014816742] ..... CompassMenuSize  = 104
[014816742] ..... TerrainQuantiz.  = 3
[014816742] . Init_Fonts_1
[014816745] . Init_Fonts_2
[014816753] ... Loading Fixed Bitmaps
[014816753] .... Failed to load file : <_System/_Bitmaps/TPOINT_BIG_H.PNG>
[014816773] .... Failed to load file : <_System/_Bitmaps/TPOINT_BIG_INV_H.PNG>
[014816775] .... Failed to load file : <_System/_Bitmaps/TPOINT_SML_H.PNG>
[014816777] .... Failed to load file : <_System/_Bitmaps/TPOINT_SML_INV_H.PNG>
[014816779] .... Failed to load file : <_System/_Bitmaps/BATTERY_FULL.PNG>
[014816779] .... Failed to load file : <_System/_Bitmaps/BATTERY_FULLC.PNG>
[014816779] .... Failed to load file : <_System/_Bitmaps/BATTERY_96.PNG>
[014816779] .... Failed to load file : <_System/_Bitmaps/BATTERY_84.PNG>
[014816779] .... Failed to load file : <_System/_Bitmaps/BATTERY_72.PNG>
[014816779] .... Failed to load file : <_System/_Bitmaps/BATTERY_60.PNG>
[014816779] .... Failed to load file : <_System/_Bitmaps/BATTERY_48.PNG>
[014816780] .... Failed to load file : <_System/_Bitmaps/BATTERY_36.PNG>
[014816780] .... Failed to load file : <_System/_Bitmaps/BATTERY_24.PNG>
[014816780] .... Failed to load file : <_System/_Bitmaps/BATTERY_12.PNG>
[014816780] .... Failed to load file : <_System/_Bitmaps/TRACE_NO.PNG>
[014816780] .... Failed to load file : <_System/_Bitmaps/TRACE_FULL.PNG>
[014816780] .... Failed to load file : <_System/_Bitmaps/TRACE_CLIMB.PNG>
[014816780] .... Failed to load file : <_System/_Bitmaps/HEAD_UP.PNG>
[014816780] .... Failed to load file : <_System/_Bitmaps/NORTH_UP.PNG>
[014816781] .... Failed to load file : <_System/_Bitmaps/HEAD_RIGHT.PNG>
[014816781] .... Failed to load file : <_System/_Bitmaps/MM0.PNG>
[014816781] .... Failed to load file : <_System/_Bitmaps/MM1.PNG>
[014816781] .... Failed to load file : <_System/_Bitmaps/MM2.PNG>
[014816781] .... Failed to load file : <_System/_Bitmaps/MM3.PNG>
[014816781] .... Failed to load file : <_System/_Bitmaps/MM4.PNG>
[014816781] .... Failed to load file : <_System/_Bitmaps/MM5.PNG>
[014816781] .... Failed to load file : <_System/_Bitmaps/MM6.PNG>
[014816782] .... Failed to load file : <_System/_Bitmaps/MM7.PNG>
[014816782] .... Failed to load file : <_System/_Bitmaps/MM8.PNG>
[014816782] .... Failed to load file : <_System/_Bitmaps/IMM0.PNG>
[014816782] .... Failed to load file : <_System/_Bitmaps/IMM1.PNG>
[014816782] .... Failed to load file : <_System/_Bitmaps/IMM2.PNG>
[014816782] .... Failed to load file : <_System/_Bitmaps/IMM3.PNG>
[014816782] .... Failed to load file : <_System/_Bitmaps/IMM4.PNG>
[014816782] .... Failed to load file : <_System/_Bitmaps/IMM5.PNG>
[014816782] .... Failed to load file : <_System/_Bitmaps/IMM6.PNG>
[014816783] .... Failed to load file : <_System/_Bitmaps/IMM7.PNG>
[014816783] .... Failed to load file : <_System/_Bitmaps/IMM8.PNG>
[014816784] .... Failed to load file : <_System/_Bitmaps/BUTTONLEFT32.PNG>
[014816784] .... Failed to load file : <_System/_Bitmaps/BUTTONRIGHT32.PNG>
[014816784] .... Failed to load file : <_System/_Bitmaps/THERMALSOURCE.PNG>
[014816785] .... Failed to load file : <_System/_Bitmaps/AAT_TARGET.PNG>
[014816785] .... Failed to load file : <_System/_Bitmaps/SCROLLBARTOP.PNG>
[014816785] .... Failed to load file : <_System/_Bitmaps/SCROLLBARMID.PNG>
[014816785] .... Failed to load file : <_System/_Bitmaps/SCROLLBARBOT.PNG>
[014816785] .... Failed to load file : <_System/_Bitmaps/MARKER_H.PNG>
[014816785] .... Failed to load file : <_System/_Bitmaps/FLARMTRAFFIC.PNG>
[014816785] .... Failed to load file : <_System/_Bitmaps/LOGGER1.PNG>
[014816785] .... Failed to load file : <_System/_Bitmaps/LOGGER0.PNG>
[014816785] .... Failed to load file : <_System/_Bitmaps/LOGGEROFF.PNG>
[014816785] .... Failed to load file : <_System/_Bitmaps/MOUNTOP_H.PNG>
[014816786] .... Failed to load file : <_System/_Bitmaps/MOUNTPASS_H.PNG>
[014816786] .... Failed to load file : <_System/_Bitmaps/BRIDGE_H.PNG>
[014816786] .... Failed to load file : <_System/_Bitmaps/INTERSECT_H.PNG>
[014816786] .... Failed to load file : <_System/_Bitmaps/TERRWARNING_H.PNG>
[014816786] .... Failed to load file : <_System/_Bitmaps/ASPWARNING_H.PNG>
[014816786] .... Failed to load file : <_System/_Bitmaps/TEAMMATEPOS_H.PNG>
[014816786] .... Failed to load file : <_System/_Bitmaps/DAM_H.PNG>
[014816786] .... Failed to load file : <_System/_Bitmaps/SENDER_H.PNG>
[014816786] .... Failed to load file : <_System/_Bitmaps/NDB_H.PNG>
[014816787] .... Failed to load file : <_System/_Bitmaps/VOR_H.PNG>
[014816787] .... Failed to load file : <_System/_Bitmaps/COOLTOWER_H.PNG>
[014816787] .... Failed to load file : <_System/_Bitmaps/TUNNEL_H.PNG>
[014816787] .... Failed to load file : <_System/_Bitmaps/POWERPLANT_H.PNG>
[014816787] .... Failed to load file : <_System/_Bitmaps/CASTLE_H.PNG>
[014816787] .... Failed to load file : <_System/_Bitmaps/LKTHERMAL_H.PNG>
[014816787] .... Failed to load file : <_System/_Bitmaps/LKTHERMAL_RED_H.PNG>
[014816787] .... Failed to load file : <_System/_Bitmaps/PICTORI_H.PNG>
[014816787] .... Failed to load file : <_System/_Bitmaps/MC_VARIO_TICK_H.PNG>
[014816787] ... Loading Profile Bitmaps
[014816787] .... Failed to load file : <_System/_Bitmaps/ICOCRUISE_AC.PNG>
[014816787] .... Failed to load file : <_System/_Bitmaps/ICOCLIMB_AC.PNG>
[014816788] .... Failed to load file : <_System/_Bitmaps/ICOFINAL_AC.PNG>
[014816788] .... Failed to load file : <_System/_Bitmaps/APT2_REACH_H.PNG>
[014816788] .... Failed to load file : <_System/_Bitmaps/APT2_UNREACH_H.PNG>
[014816788] .... Failed to load file : <_System/_Bitmaps/FLD2_REACH_H.PNG>
[014816788] .... Failed to load file : <_System/_Bitmaps/FLD2_UNREACH_H.PNG>
[014816788] ... LKObjects_Create
[014816788] ... SnailTrail_Create
[014816788] . SNAIL[0]=14 ratio=1.690909
[014816788] . SNAIL[0]=14 scale=0
[014816788] . SNAIL[5]=6
[014816788] . SNAIL[5]=6 scale=0
[014816788] . SNAIL[7]=4
[014816788] . SNAIL[7]=4 scale=0
[014816788] . (N) SNAIL[15]=10
[014816788] . SNAIL[15]=10 scale=0
[014816789] . Init Calculations
[014816789] . Reset flight statistics
[014816789] ... Missing Language FILE <_Language/en.json>
[014816789] . Startup dialog, RUN_MODE=0
[014820596] . Quick shutdown requested before terminating startup
[014820597] . WndMain::OnDestroy
[014820597] .... Close Progress Dialog
[014820600] ... LKObjects_Delete
[014820603] ... SnailTrail_Delete
[014820603] ... Unload Profile Bitmaps
[014820603] ... Unload Fixed Bitmaps
[014820623] .... WinMain terminated, realexitforced=1
